-------------------------------------------------------------------------------
Test set: aim.oose.dea.CalculatorTest
-------------------------------------------------------------------------------
Tests run: 5, Failures: 1, Errors: 0, Skipped: 0, Time elapsed: 0.051 s <<< FAILURE! - in aim.oose.dea.CalculatorTest
subtractTest  Time elapsed: 0.008 s  <<< FAILURE!
org.opentest4j.AssertionFailedError: expected: <2> but was: <3>
	at aim.oose.dea.CalculatorTest.subtractTest(CalculatorTest.java:39)

